<?xml version="1.0" encoding="UTF-8"?>
<!-- Generated by org.testng.reporters.JUnitXMLReporter -->
<testsuite hostname="DESKTOP-O89HVJP" ignored="3" tests="0" failures="0" timestamp="2020-02-12T10:24:57 IST" time="0.016" errors="0">
  <testcase name="logginclick" time="0.0" classname="Testclass.loggintestclass_001">
    <ignored/>
  </testcase> <!-- logginclick -->
  <testcase name="logginuser" time="0.0" classname="Testclass.loggintestclass_001">
    <ignored/>
  </testcase> <!-- logginuser -->
  <testcase name="paassword" time="0.0" classname="Testclass.loggintestclass_001">
    <ignored/>
  </testcase> <!-- paassword -->
</testsuite>
